2022-12-28 22:40:45,186 INFO  [main] Existing Inventory page opened
2022-12-28 22:40:46,685 INFO  [main] Click logo and title page opened
2022-12-28 22:40:51,647 INFO  [main] Title page opened
2022-12-28 22:40:56,723 INFO  [main] Auth page opened
2022-12-28 22:41:04,544 INFO  [main] model 3 page opened
2022-12-28 22:41:09,306 INFO  [main] Shop page opened
2022-12-28 22:51:18,958 INFO  [main] Title page opened
2022-12-28 22:53:19,922 INFO  [main] Title page opened
2022-12-28 22:53:24,665 INFO  [main] Click logo and title page opened
2022-12-28 23:01:20,226 INFO  [main] Winter22 page opened
2022-12-28 23:04:10,183 INFO  [main] Winter22 page opened
2022-12-28 23:11:03,230 INFO  [main] Winter22 page opened
2022-12-28 23:13:29,944 INFO  [main] Winter22 page opened
2022-12-28 23:13:35,600 INFO  [main] Click logo and title page opened
2022-12-28 23:15:22,019 INFO  [main] Shop page opened
2022-12-28 23:16:07,089 INFO  [main] Shop page opened
2022-12-28 23:16:13,783 INFO  [main] Click logo and title page opened
2022-12-28 23:17:26,536 INFO  [main] Auth page opened
2022-12-28 23:17:31,757 INFO  [main] Click logo and title page opened
2022-12-28 23:18:26,757 INFO  [main] Client service page opened
2022-12-28 23:18:32,624 INFO  [main] Click logo and title page opened
2022-12-28 23:23:21,030 INFO  [main] Shop random page opened
2022-12-28 23:23:39,370 INFO  [main] Shop random page opened
2022-12-28 23:37:06,263 INFO  [main] Page with location opened
2022-12-28 23:38:57,230 INFO  [main] Page with location opened
2022-12-28 23:39:08,877 INFO  [main] Click logo and title page opened
2022-12-28 23:39:12,970 INFO  [main] Click Cart and Cart page opened
2022-12-28 23:42:28,747 INFO  [main] Page with location opened
2022-12-28 23:42:38,888 INFO  [main] Click logo and title page opened
2022-12-28 23:42:41,155 INFO  [main] Click Cart and Cart page opened
2022-12-28 23:44:57,618 INFO  [main] Page with location opened
2022-12-28 23:45:07,764 INFO  [main] Click logo and title page opened
2022-12-28 23:45:09,153 INFO  [main] Click Cart and Cart page opened
2022-12-28 23:45:19,288 INFO  [main] Click Remove and delete think
2022-12-28 23:48:58,319 INFO  [main] Page with location opened
2022-12-28 23:49:08,502 INFO  [main] Click logo and title page opened
2022-12-28 23:49:10,948 INFO  [main] Click Cart and Cart page opened
2022-12-28 23:56:31,253 INFO  [main] Page with location opened
2022-12-28 23:56:41,421 INFO  [main] Click logo and title page opened
2022-12-28 23:56:43,333 INFO  [main] Click Cart and Cart page opened
